<?xml version="1.0" encoding="UTF-8"?>
<testng-results ignored="0" total="1" passed="1" failed="0" skipped="0">
  <reporter-output>
  </reporter-output>
  <suite started-at="2024-11-17T02:46:27 IST" name="Default suite" finished-at="2024-11-17T02:46:53 IST" duration-ms="25520">
    <groups>
    </groups>
    <test started-at="2024-11-17T02:46:27 IST" name="Default test" finished-at="2024-11-17T02:46:53 IST" duration-ms="25520">
      <class name="tests.testAddRemoveElements">
        <test-method is-config="true" signature="setup()[pri:0, instance:tests.testAddRemoveElements@7c9d8e2]" started-at="2024-11-17T02:46:27 IST" name="setup" finished-at="2024-11-17T02:46:32 IST" duration-ms="4479" status="PASS">
          <reporter-output>
          </reporter-output>
        </test-method> <!-- setup -->
        <test-method signature="testAddAndRemoveElements()[pri:0, instance:tests.testAddRemoveElements@7c9d8e2]" started-at="2024-11-17T02:46:32 IST" name="testAddAndRemoveElements" finished-at="2024-11-17T02:46:53 IST" duration-ms="20904" status="PASS">
          <reporter-output>
          </reporter-output>
        </test-method> <!-- testAddAndRemoveElements -->
        <test-method is-config="true" signature="tearDown()[pri:0, instance:tests.testAddRemoveElements@7c9d8e2]" started-at="2024-11-17T02:46:53 IST" name="tearDown" finished-at="2024-11-17T02:46:53 IST" duration-ms="100" status="PASS">
          <reporter-output>
          </reporter-output>
        </test-method> <!-- tearDown -->
      </class> <!-- tests.testAddRemoveElements -->
    </test> <!-- Default test -->
  </suite> <!-- Default suite -->
</testng-results>
